2023-04-02 22:21:54.296187 - Initialized conversion of CBT172
2023-04-02 22:21:56.507149 - Received CBT.V504.FILE172.PDS from FILE172.XMI 
2023-04-02 22:21:56.510153 - Found $$$#DATE.txt (text/plain) in CBT.V504.FILE172.PDS, moved to PDS/$$$#DATE
2023-04-02 22:21:56.511438 - Found $DOC.txt (text/plain) in CBT.V504.FILE172.PDS, moved to PDS/$DOC
2023-04-02 22:21:56.512720 - Found $PAPER.txt (text/plain) in CBT.V504.FILE172.PDS, moved to PDS/$PAPER
2023-04-02 22:21:56.513991 - Found #CTGPL.txt (text/plain) in CBT.V504.FILE172.PDS, moved to PDS/#CTGPL
2023-04-02 22:21:56.515833 - Found @FILE172.txt (text/plain) in CBT.V504.FILE172.PDS, moved to PDS/@FILE172
2023-04-02 22:21:56.517050 - Found @INDEX.txt (text/plain) in CBT.V504.FILE172.PDS, moved to PDS/@INDEX
2023-04-02 22:21:56.518530 - Found ACTOR.txt (text/plain) in CBT.V504.FILE172.PDS, moved to PDS/ACTOR
2023-04-02 22:21:56.519580 - Found ACTRESS.txt (text/plain) in CBT.V504.FILE172.PDS, moved to PDS/ACTRESS
2023-04-02 22:21:56.520627 - Found AMDSB.txt (text/plain) in CBT.V504.FILE172.PDS, moved to PDS/AMDSB
2023-04-02 22:21:56.521875 - Found ARCHCOMP.txt (text/plain) in CBT.V504.FILE172.PDS, moved to PDS/ARCHCOMP
2023-04-02 22:21:56.522889 - Found ARCHERAS.txt (text/plain) in CBT.V504.FILE172.PDS, moved to PDS/ARCHERAS
2023-04-02 22:21:56.524114 - Found ARCHPARS.txt (text/plain) in CBT.V504.FILE172.PDS, moved to PDS/ARCHPARS
2023-04-02 22:21:56.525258 - Found ASTRA.txt (text/plain) in CBT.V504.FILE172.PDS, moved to PDS/ASTRA
2023-04-02 22:21:56.526220 - Found BILLTABL.txt (text/plain) in CBT.V504.FILE172.PDS, moved to PDS/BILLTABL
2023-04-02 22:21:56.527187 - Found BIOS.txt (text/plain) in CBT.V504.FILE172.PDS, moved to PDS/BIOS
2023-04-02 22:21:56.528199 - Found BLANK.txt (text/plain) in CBT.V504.FILE172.PDS, moved to PDS/BLANK
2023-04-02 22:21:56.529649 - Found BLKSZRTN.txt (text/plain) in CBT.V504.FILE172.PDS, moved to PDS/BLKSZRTN
2023-04-02 22:21:56.530930 - Found CALLIT.txt (text/plain) in CBT.V504.FILE172.PDS, moved to PDS/CALLIT
2023-04-02 22:21:56.531986 - Found CALLITR.txt (text/plain) in CBT.V504.FILE172.PDS, moved to PDS/CALLITR
2023-04-02 22:21:56.533427 - Found CATREAD.txt (text/plain) in CBT.V504.FILE172.PDS, moved to PDS/CATREAD
2023-04-02 22:21:56.534429 - Found CAVEAT.txt (text/plain) in CBT.V504.FILE172.PDS, moved to PDS/CAVEAT
2023-04-02 22:21:56.535420 - Found CCKDDU$$.txt (text/plain) in CBT.V504.FILE172.PDS, moved to PDS/CCKDDU$$
2023-04-02 22:21:56.536607 - Found CCKDDUMP.txt (text/plain) in CBT.V504.FILE172.PDS, moved to PDS/CCKDDUMP
2023-04-02 22:21:56.538147 - Found CCKDLOAD.txt (text/plain) in CBT.V504.FILE172.PDS, moved to PDS/CCKDLOAD
2023-04-02 22:21:56.539343 - Found CDSCB.txt (text/plain) in CBT.V504.FILE172.PDS, moved to PDS/CDSCB
2023-04-02 22:21:56.540768 - Found CDSCB#.txt (text/plain) in CBT.V504.FILE172.PDS, moved to PDS/CDSCB#
2023-04-02 22:21:56.542000 - Found CEEBR14.txt (text/plain) in CBT.V504.FILE172.PDS, moved to PDS/CEEBR14
2023-04-02 22:21:56.543108 - Found CHARS19V.txt (text/plain) in CBT.V504.FILE172.PDS, moved to PDS/CHARS19V
2023-04-02 22:21:56.544056 - Found CHARWORD.txt (text/plain) in CBT.V504.FILE172.PDS, moved to PDS/CHARWORD
2023-04-02 22:21:56.545115 - Found CHARWORR.txt (text/plain) in CBT.V504.FILE172.PDS, moved to PDS/CHARWORR
2023-04-02 22:21:56.546110 - Found CHEW$DOC.txt (text/plain) in CBT.V504.FILE172.PDS, moved to PDS/CHEW$DOC
2023-04-02 22:21:56.550120 - Found CHEW$INS.jcl (text/plain) in CBT.V504.FILE172.PDS, moved to PDS/CHEW$INS
2023-04-02 22:21:56.551343 - Found CHEW$JCL.jcl (text/plain) in CBT.V504.FILE172.PDS, moved to PDS/CHEW$JCL
2023-04-02 22:21:56.552394 - Found CHEWBACA.txt (text/plain) in CBT.V504.FILE172.PDS, moved to PDS/CHEWBACA
2023-04-02 22:21:56.553880 - Found CHEWCOMM.txt (text/plain) in CBT.V504.FILE172.PDS, moved to PDS/CHEWCOMM
2023-04-02 22:21:56.554963 - Found CHEWDYNA.txt (text/plain) in CBT.V504.FILE172.PDS, moved to PDS/CHEWDYNA
2023-04-02 22:21:56.556108 - Found CHEWMAIN.txt (text/plain) in CBT.V504.FILE172.PDS, moved to PDS/CHEWMAIN
2023-04-02 22:21:56.557115 - Found CHEWOUT.txt (text/plain) in CBT.V504.FILE172.PDS, moved to PDS/CHEWOUT
2023-04-02 22:21:56.558098 - Found CHEWPARS.txt (text/plain) in CBT.V504.FILE172.PDS, moved to PDS/CHEWPARS
2023-04-02 22:21:56.559123 - Found CHEWREPT.txt (text/plain) in CBT.V504.FILE172.PDS, moved to PDS/CHEWREPT
2023-04-02 22:21:56.560103 - Found CHEWSKIP.txt (text/plain) in CBT.V504.FILE172.PDS, moved to PDS/CHEWSKIP
2023-04-02 22:21:56.561064 - Found CLEAR.txt (text/plain) in CBT.V504.FILE172.PDS, moved to PDS/CLEAR
2023-04-02 22:21:56.562010 - Found CLEARR.txt (text/plain) in CBT.V504.FILE172.PDS, moved to PDS/CLEARR
2023-04-02 22:21:56.562995 - Found CLOSEM.txt (text/plain) in CBT.V504.FILE172.PDS, moved to PDS/CLOSEM
2023-04-02 22:21:56.564357 - Found CNVTHMS.txt (text/plain) in CBT.V504.FILE172.PDS, moved to PDS/CNVTHMS
2023-04-02 22:21:56.564370 - Found COMPACT.bin containing application/octet-stream, moved to PDS/COMPACT
2023-04-02 22:21:56.566680 - Found CONVWORD.txt (text/plain) in CBT.V504.FILE172.PDS, moved to PDS/CONVWORD
2023-04-02 22:21:56.567755 - Found CPB.txt (text/plain) in CBT.V504.FILE172.PDS, moved to PDS/CPB
2023-04-02 22:21:56.568753 - Found CPUID.txt (text/plain) in CBT.V504.FILE172.PDS, moved to PDS/CPUID
2023-04-02 22:21:56.569720 - Found CRACK.txt (text/plain) in CBT.V504.FILE172.PDS, moved to PDS/CRACK
2023-04-02 22:21:56.570769 - Found CRAMP.txt (text/plain) in CBT.V504.FILE172.PDS, moved to PDS/CRAMP
2023-04-02 22:21:56.571873 - Found CRAMPOFF.txt (text/plain) in CBT.V504.FILE172.PDS, moved to PDS/CRAMPOFF
2023-04-02 22:21:56.572797 - Found CRAMPON.txt (text/plain) in CBT.V504.FILE172.PDS, moved to PDS/CRAMPON
2023-04-02 22:21:56.573916 - Found CRAP.txt (text/plain) in CBT.V504.FILE172.PDS, moved to PDS/CRAP
2023-04-02 22:21:56.574970 - Found CSATABLE.txt (text/plain) in CBT.V504.FILE172.PDS, moved to PDS/CSATABLE
2023-04-02 22:21:56.575894 - Found CUSS23.txt (text/plain) in CBT.V504.FILE172.PDS, moved to PDS/CUSS23
2023-04-02 22:21:56.576814 - Found DATE.txt (text/plain) in CBT.V504.FILE172.PDS, moved to PDS/DATE
2023-04-02 22:21:56.577761 - Found DAVE73.txt (text/plain) in CBT.V504.FILE172.PDS, moved to PDS/DAVE73
2023-04-02 22:21:56.578732 - Found DAVE73PR.txt (text/plain) in CBT.V504.FILE172.PDS, moved to PDS/DAVE73PR
2023-04-02 22:21:56.580138 - Found DAVE74.txt (text/plain) in CBT.V504.FILE172.PDS, moved to PDS/DAVE74
2023-04-02 22:21:56.581155 - Found DAYOMNTH.txt (text/plain) in CBT.V504.FILE172.PDS, moved to PDS/DAYOMNTH
2023-04-02 22:21:56.582056 - Found DAYOWEEK.txt (text/plain) in CBT.V504.FILE172.PDS, moved to PDS/DAYOWEEK
2023-04-02 22:21:56.583008 - Found DCB2UCB.txt (text/plain) in CBT.V504.FILE172.PDS, moved to PDS/DCB2UCB
2023-04-02 22:21:56.584588 - Found DCFOFF.txt (text/plain) in CBT.V504.FILE172.PDS, moved to PDS/DCFOFF
2023-04-02 22:21:56.585539 - Found DCFON.txt (text/plain) in CBT.V504.FILE172.PDS, moved to PDS/DCFON
2023-04-02 22:21:56.586580 - Found DCPCOMP1.txt (text/plain) in CBT.V504.FILE172.PDS, moved to PDS/DCPCOMP1
2023-04-02 22:21:56.588095 - Found DCPCOMP2.txt (text/plain) in CBT.V504.FILE172.PDS, moved to PDS/DCPCOMP2
2023-04-02 22:21:56.589108 - Found DCPEXPD1.txt (text/plain) in CBT.V504.FILE172.PDS, moved to PDS/DCPEXPD1
2023-04-02 22:21:56.590033 - Found DCPEXPD2.txt (text/plain) in CBT.V504.FILE172.PDS, moved to PDS/DCPEXPD2
2023-04-02 22:21:56.590969 - Found DCPSCBF.txt (text/plain) in CBT.V504.FILE172.PDS, moved to PDS/DCPSCBF
2023-04-02 22:21:56.592569 - Found DCSCOMP3.txt (text/plain) in CBT.V504.FILE172.PDS, moved to PDS/DCSCOMP3
2023-04-02 22:21:56.593855 - Found DCSEXPD3.txt (text/plain) in CBT.V504.FILE172.PDS, moved to PDS/DCSEXPD3
2023-04-02 22:21:56.595295 - Found DCS14DE1.txt (text/plain) in CBT.V504.FILE172.PDS, moved to PDS/DCS14DE1
2023-04-02 22:21:56.596480 - Found DC73REC.txt (text/plain) in CBT.V504.FILE172.PDS, moved to PDS/DC73REC
2023-04-02 22:21:56.597446 - Found DC74REC.txt (text/plain) in CBT.V504.FILE172.PDS, moved to PDS/DC74REC
2023-04-02 22:21:56.598469 - Found DEMANDS.txt (text/plain) in CBT.V504.FILE172.PDS, moved to PDS/DEMANDS
2023-04-02 22:21:56.599456 - Found DEMEMBER.txt (text/plain) in CBT.V504.FILE172.PDS, moved to PDS/DEMEMBER
2023-04-02 22:21:56.600769 - Found DEVOFF.txt (text/plain) in CBT.V504.FILE172.PDS, moved to PDS/DEVOFF
2023-04-02 22:21:56.602021 - Found DRKUX006.txt (text/plain) in CBT.V504.FILE172.PDS, moved to PDS/DRKUX006
2023-04-02 22:21:56.603183 - Found EDX.txt (text/plain) in CBT.V504.FILE172.PDS, moved to PDS/EDX
2023-04-02 22:21:56.604243 - Found EMPTOR.txt (text/plain) in CBT.V504.FILE172.PDS, moved to PDS/EMPTOR
2023-04-02 22:21:56.605160 - Found EMPTYPDS.txt (text/plain) in CBT.V504.FILE172.PDS, moved to PDS/EMPTYPDS
2023-04-02 22:21:56.606419 - Found ENDBLANK.txt (text/plain) in CBT.V504.FILE172.PDS, moved to PDS/ENDBLANK
2023-04-02 22:21:56.606429 - Found EXPAND.bin containing application/octet-stream, moved to PDS/EXPAND
2023-04-02 22:21:56.608611 - Found FILE171.txt (text/plain) in CBT.V504.FILE172.PDS, moved to PDS/FILE171
2023-04-02 22:21:56.609602 - Found FINDVOL.txt (text/plain) in CBT.V504.FILE172.PDS, moved to PDS/FINDVOL
2023-04-02 22:21:56.610588 - Found FSF.txt (text/plain) in CBT.V504.FILE172.PDS, moved to PDS/FSF
2023-04-02 22:21:56.611570 - Found GETACEE.txt (text/plain) in CBT.V504.FILE172.PDS, moved to PDS/GETACEE
2023-04-02 22:21:56.613071 - Found GETAUTH.txt (text/plain) in CBT.V504.FILE172.PDS, moved to PDS/GETAUTH
2023-04-02 22:21:56.614257 - Found GETDATE.txt (text/plain) in CBT.V504.FILE172.PDS, moved to PDS/GETDATE
2023-04-02 22:21:56.616240 - Found GETDEV.txt (text/plain) in CBT.V504.FILE172.PDS, moved to PDS/GETDEV
2023-04-02 22:21:56.617227 - Found GETDVCT.txt (text/plain) in CBT.V504.FILE172.PDS, moved to PDS/GETDVCT
2023-04-02 22:21:56.618161 - Found GETMOVE.txt (text/plain) in CBT.V504.FILE172.PDS, moved to PDS/GETMOVE
2023-04-02 22:21:56.619172 - Found GETSTORE.txt (text/plain) in CBT.V504.FILE172.PDS, moved to PDS/GETSTORE
2023-04-02 22:21:56.620053 - Found GETSTORR.txt (text/plain) in CBT.V504.FILE172.PDS, moved to PDS/GETSTORR
2023-04-02 22:21:56.620931 - Found GETTING.txt (text/plain) in CBT.V504.FILE172.PDS, moved to PDS/GETTING
2023-04-02 22:21:56.621785 - Found GETTINV.txt (text/plain) in CBT.V504.FILE172.PDS, moved to PDS/GETTINV
2023-04-02 22:21:56.622806 - Found GETUCVTR.txt (text/plain) in CBT.V504.FILE172.PDS, moved to PDS/GETUCVTR
2023-04-02 22:21:56.624371 - Found GETVVR.txt (text/plain) in CBT.V504.FILE172.PDS, moved to PDS/GETVVR
2023-04-02 22:21:56.625307 - Found GOSUB.txt (text/plain) in CBT.V504.FILE172.PDS, moved to PDS/GOSUB
2023-04-02 22:21:56.626174 - Found HORIZON.txt (text/plain) in CBT.V504.FILE172.PDS, moved to PDS/HORIZON
2023-04-02 22:21:56.627184 - Found HPR.txt (text/plain) in CBT.V504.FILE172.PDS, moved to PDS/HPR
2023-04-02 22:21:56.628192 - Found ICFDSECT.txt (text/plain) in CBT.V504.FILE172.PDS, moved to PDS/ICFDSECT
2023-04-02 22:21:56.629149 - Found ICFGDGSC.txt (text/plain) in CBT.V504.FILE172.PDS, moved to PDS/ICFGDGSC
2023-04-02 22:21:56.630043 - Found ICF3490.txt (text/plain) in CBT.V504.FILE172.PDS, moved to PDS/ICF3490
2023-04-02 22:21:56.631091 - Found IEAVMXIT.txt (text/plain) in CBT.V504.FILE172.PDS, moved to PDS/IEAVMXIT
2023-04-02 22:21:56.632488 - Found IEFBR15.txt (text/plain) in CBT.V504.FILE172.PDS, moved to PDS/IEFBR15
2023-04-02 22:21:56.633501 - Found ISFSVC.txt (text/plain) in CBT.V504.FILE172.PDS, moved to PDS/ISFSVC
2023-04-02 22:21:56.634418 - Found IXVTOCF5.txt (text/plain) in CBT.V504.FILE172.PDS, moved to PDS/IXVTOCF5
2023-04-02 22:21:56.635563 - Found JCLINDEX.jcl (text/plain) in CBT.V504.FILE172.PDS, moved to PDS/JCLINDEX
2023-04-02 22:21:56.636536 - Found JFCBREAD.txt (text/plain) in CBT.V504.FILE172.PDS, moved to PDS/JFCBREAD
2023-04-02 22:21:56.637465 - Found JOBBUFNI.txt (text/plain) in CBT.V504.FILE172.PDS, moved to PDS/JOBBUFNI
2023-04-02 22:21:56.638517 - Found LASSOO.txt (text/plain) in CBT.V504.FILE172.PDS, moved to PDS/LASSOO
2023-04-02 22:21:56.639495 - Found LENGTH.txt (text/plain) in CBT.V504.FILE172.PDS, moved to PDS/LENGTH
2023-04-02 22:21:56.640762 - Found LISTICF.txt (text/plain) in CBT.V504.FILE172.PDS, moved to PDS/LISTICF
2023-04-02 22:21:56.642035 - Found LISTPDS.txt (text/plain) in CBT.V504.FILE172.PDS, moved to PDS/LISTPDS
2023-04-02 22:21:56.643178 - Found LISTPDSO.txt (text/plain) in CBT.V504.FILE172.PDS, moved to PDS/LISTPDSO
2023-04-02 22:21:56.644132 - Found LN12.txt (text/plain) in CBT.V504.FILE172.PDS, moved to PDS/LN12
2023-04-02 22:21:56.645071 - Found LOGAN.txt (text/plain) in CBT.V504.FILE172.PDS, moved to PDS/LOGAN
2023-04-02 22:21:56.645930 - Found LOWUPDTE.txt (text/plain) in CBT.V504.FILE172.PDS, moved to PDS/LOWUPDTE
2023-04-02 22:21:56.647146 - Found MAPDISK.txt (text/plain) in CBT.V504.FILE172.PDS, moved to PDS/MAPDISK
2023-04-02 22:21:56.648110 - Found MAPDISKF.txt (text/plain) in CBT.V504.FILE172.PDS, moved to PDS/MAPDISKF
2023-04-02 22:21:56.649009 - Found MAPDJCL.txt (text/plain) in CBT.V504.FILE172.PDS, moved to PDS/MAPDJCL
2023-04-02 22:21:56.649969 - Found MAPDLIST.txt (text/plain) in CBT.V504.FILE172.PDS, moved to PDS/MAPDLIST
2023-04-02 22:21:56.650988 - Found MAP3380.txt (text/plain) in CBT.V504.FILE172.PDS, moved to PDS/MAP3380
2023-04-02 22:21:56.652245 - Found MAP3390.txt (text/plain) in CBT.V504.FILE172.PDS, moved to PDS/MAP3390
2023-04-02 22:21:56.653214 - Found MDCB.txt (text/plain) in CBT.V504.FILE172.PDS, moved to PDS/MDCB
2023-04-02 22:21:56.654133 - Found MPFTAPEK.txt (text/plain) in CBT.V504.FILE172.PDS, moved to PDS/MPFTAPEK
2023-04-02 22:21:56.655084 - Found MPFTAPEM.txt (text/plain) in CBT.V504.FILE172.PDS, moved to PDS/MPFTAPEM
2023-04-02 22:21:56.656089 - Found MPFTAPEQ.txt (text/plain) in CBT.V504.FILE172.PDS, moved to PDS/MPFTAPEQ
2023-04-02 22:21:56.657031 - Found MPFTAPET.txt (text/plain) in CBT.V504.FILE172.PDS, moved to PDS/MPFTAPET
2023-04-02 22:21:56.657973 - Found MROPCEW.txt (text/plain) in CBT.V504.FILE172.PDS, moved to PDS/MROPCEW
2023-04-02 22:21:56.658922 - Found MSG3480.txt (text/plain) in CBT.V504.FILE172.PDS, moved to PDS/MSG3480
2023-04-02 22:21:56.659958 - Found M80ESA3.txt (text/plain) in CBT.V504.FILE172.PDS, moved to PDS/M80ESA3
2023-04-02 22:21:56.660926 - Found M80XA2.txt (text/plain) in CBT.V504.FILE172.PDS, moved to PDS/M80XA2
2023-04-02 22:21:56.661905 - Found M90ESA3.txt (text/plain) in CBT.V504.FILE172.PDS, moved to PDS/M90ESA3
2023-04-02 22:21:56.662888 - Found OLDCOMP2.txt (text/plain) in CBT.V504.FILE172.PDS, moved to PDS/OLDCOMP2
2023-04-02 22:21:56.663860 - Found OLDEXPD2.txt (text/plain) in CBT.V504.FILE172.PDS, moved to PDS/OLDEXPD2
2023-04-02 22:21:56.664793 - Found OPENCLOS.txt (text/plain) in CBT.V504.FILE172.PDS, moved to PDS/OPENCLOS
2023-04-02 22:21:56.665678 - Found OPENEM.txt (text/plain) in CBT.V504.FILE172.PDS, moved to PDS/OPENEM
2023-04-02 22:21:56.666604 - Found OPENEXIT.txt (text/plain) in CBT.V504.FILE172.PDS, moved to PDS/OPENEXIT
2023-04-02 22:21:56.667561 - Found PACK2.txt (text/plain) in CBT.V504.FILE172.PDS, moved to PDS/PACK2
2023-04-02 22:21:56.668433 - Found PARMPROC.txt (text/plain) in CBT.V504.FILE172.PDS, moved to PDS/PARMPROC
2023-04-02 22:21:56.669375 - Found PARSEVVR.txt (text/plain) in CBT.V504.FILE172.PDS, moved to PDS/PARSEVVR
2023-04-02 22:21:56.670252 - Found PERCENT0.txt (text/plain) in CBT.V504.FILE172.PDS, moved to PDS/PERCENT0
2023-04-02 22:21:56.671530 - Found PGMIN.txt (text/plain) in CBT.V504.FILE172.PDS, moved to PDS/PGMIN
2023-04-02 22:21:56.672488 - Found PGMOUT.txt (text/plain) in CBT.V504.FILE172.PDS, moved to PDS/PGMOUT
2023-04-02 22:21:56.673520 - Found PRINT.txt (text/plain) in CBT.V504.FILE172.PDS, moved to PDS/PRINT
2023-04-02 22:21:56.674518 - Found PRINTV.txt (text/plain) in CBT.V504.FILE172.PDS, moved to PDS/PRINTV
2023-04-02 22:21:56.675610 - Found PUTMOVE.txt (text/plain) in CBT.V504.FILE172.PDS, moved to PDS/PUTMOVE
2023-04-02 22:21:56.676518 - Found QLADD.txt (text/plain) in CBT.V504.FILE172.PDS, moved to PDS/QLADD
2023-04-02 22:21:56.677415 - Found REDATE.txt (text/plain) in CBT.V504.FILE172.PDS, moved to PDS/REDATE
2023-04-02 22:21:56.678289 - Found REGEQU.txt (text/plain) in CBT.V504.FILE172.PDS, moved to PDS/REGEQU
2023-04-02 22:21:56.679350 - Found REPLYTO.txt (text/plain) in CBT.V504.FILE172.PDS, moved to PDS/REPLYTO
2023-04-02 22:21:56.680288 - Found RESULTS.txt (text/plain) in CBT.V504.FILE172.PDS, moved to PDS/RESULTS
2023-04-02 22:21:56.681231 - Found RESUME.txt (text/plain) in CBT.V504.FILE172.PDS, moved to PDS/RESUME
2023-04-02 22:21:56.682112 - Found RETIME.txt (text/plain) in CBT.V504.FILE172.PDS, moved to PDS/RETIME
2023-04-02 22:21:56.683081 - Found RIN.txt (text/plain) in CBT.V504.FILE172.PDS, moved to PDS/RIN
2023-04-02 22:21:56.683993 - Found RLSEJCL.txt (text/plain) in CBT.V504.FILE172.PDS, moved to PDS/RLSEJCL
2023-04-02 22:21:56.684886 - Found RMFCHUND.txt (text/plain) in CBT.V504.FILE172.PDS, moved to PDS/RMFCHUND
2023-04-02 22:21:56.685803 - Found RMFCTU.txt (text/plain) in CBT.V504.FILE172.PDS, moved to PDS/RMFCTU
2023-04-02 22:21:56.686775 - Found ROTATES.txt (text/plain) in CBT.V504.FILE172.PDS, moved to PDS/ROTATES
2023-04-02 22:21:56.687745 - Found ROUT.txt (text/plain) in CBT.V504.FILE172.PDS, moved to PDS/ROUT
2023-04-02 22:21:56.688665 - Found RTPDIRD.txt (text/plain) in CBT.V504.FILE172.PDS, moved to PDS/RTPDIRD
2023-04-02 22:21:56.689669 - Found RTPMOVE.txt (text/plain) in CBT.V504.FILE172.PDS, moved to PDS/RTPMOVE
2023-04-02 22:21:56.690564 - Found RXASM.rexx (text/plain) in CBT.V504.FILE172.PDS, moved to PDS/RXASM
2023-04-02 22:21:56.691529 - Found SCAN.txt (text/plain) in CBT.V504.FILE172.PDS, moved to PDS/SCAN
2023-04-02 22:21:56.692460 - Found SCRATCH.txt (text/plain) in CBT.V504.FILE172.PDS, moved to PDS/SCRATCH
2023-04-02 22:21:56.693418 - Found SEAFOOD.txt (text/plain) in CBT.V504.FILE172.PDS, moved to PDS/SEAFOOD
2023-04-02 22:21:56.694327 - Found SECFWMPF.txt (text/plain) in CBT.V504.FILE172.PDS, moved to PDS/SECFWMPF
2023-04-02 22:21:56.695386 - Found SECFWOFF.txt (text/plain) in CBT.V504.FILE172.PDS, moved to PDS/SECFWOFF
2023-04-02 22:21:56.696297 - Found SECFWON.txt (text/plain) in CBT.V504.FILE172.PDS, moved to PDS/SECFWON
2023-04-02 22:21:56.697195 - Found SECOMMON.txt (text/plain) in CBT.V504.FILE172.PDS, moved to PDS/SECOMMON
2023-04-02 22:21:56.698218 - Found SECR01.txt (text/plain) in CBT.V504.FILE172.PDS, moved to PDS/SECR01
2023-04-02 22:21:56.699160 - Found SEDFWOFF.txt (text/plain) in CBT.V504.FILE172.PDS, moved to PDS/SEDFWOFF
2023-04-02 22:21:56.700088 - Found SEDFWON.txt (text/plain) in CBT.V504.FILE172.PDS, moved to PDS/SEDFWON
2023-04-02 22:21:56.701008 - Found SEGIN.txt (text/plain) in CBT.V504.FILE172.PDS, moved to PDS/SEGIN
2023-04-02 22:21:56.701894 - Found SEGOUT.txt (text/plain) in CBT.V504.FILE172.PDS, moved to PDS/SEGOUT
2023-04-02 22:21:56.702841 - Found SENDOFF.txt (text/plain) in CBT.V504.FILE172.PDS, moved to PDS/SENDOFF
2023-04-02 22:21:56.703841 - Found SEREC.txt (text/plain) in CBT.V504.FILE172.PDS, moved to PDS/SEREC
2023-04-02 22:21:56.704732 - Found SERVED70.txt (text/plain) in CBT.V504.FILE172.PDS, moved to PDS/SERVED70
2023-04-02 22:21:56.705600 - Found SERVED71.txt (text/plain) in CBT.V504.FILE172.PDS, moved to PDS/SERVED71
2023-04-02 22:21:56.706482 - Found SERVED72.txt (text/plain) in CBT.V504.FILE172.PDS, moved to PDS/SERVED72
2023-04-02 22:21:56.707462 - Found SESMF.txt (text/plain) in CBT.V504.FILE172.PDS, moved to PDS/SESMF
2023-04-02 22:21:56.708393 - Found SETEOD.txt (text/plain) in CBT.V504.FILE172.PDS, moved to PDS/SETEOD
2023-04-02 22:21:56.709309 - Found SETMODE.txt (text/plain) in CBT.V504.FILE172.PDS, moved to PDS/SETMODE
2023-04-02 22:21:56.710213 - Found SETOFF.txt (text/plain) in CBT.V504.FILE172.PDS, moved to PDS/SETOFF
2023-04-02 22:21:56.711215 - Found SEWTO.txt (text/plain) in CBT.V504.FILE172.PDS, moved to PDS/SEWTO
2023-04-02 22:21:56.712189 - Found SE30EXT.txt (text/plain) in CBT.V504.FILE172.PDS, moved to PDS/SE30EXT
2023-04-02 22:21:56.713101 - Found SE30REC.txt (text/plain) in CBT.V504.FILE172.PDS, moved to PDS/SE30REC
2023-04-02 22:21:56.714002 - Found SE30RPT.txt (text/plain) in CBT.V504.FILE172.PDS, moved to PDS/SE30RPT
2023-04-02 22:21:56.715047 - Found SE526.txt (text/plain) in CBT.V504.FILE172.PDS, moved to PDS/SE526
2023-04-02 22:21:56.715920 - Found SE70REC.txt (text/plain) in CBT.V504.FILE172.PDS, moved to PDS/SE70REC
2023-04-02 22:21:56.716809 - Found SE71REC.txt (text/plain) in CBT.V504.FILE172.PDS, moved to PDS/SE71REC
2023-04-02 22:21:56.717678 - Found SE72REC.txt (text/plain) in CBT.V504.FILE172.PDS, moved to PDS/SE72REC
2023-04-02 22:21:56.718587 - Found SE80REC.txt (text/plain) in CBT.V504.FILE172.PDS, moved to PDS/SE80REC
2023-04-02 22:21:56.719521 - Found SMFHEAD.txt (text/plain) in CBT.V504.FILE172.PDS, moved to PDS/SMFHEAD
2023-04-02 22:21:56.720959 - Found SMFWRITR.txt (text/plain) in CBT.V504.FILE172.PDS, moved to PDS/SMFWRITR
2023-04-02 22:21:56.721950 - Found SMF1415.txt (text/plain) in CBT.V504.FILE172.PDS, moved to PDS/SMF1415
2023-04-02 22:21:56.722883 - Found SMF234.txt (text/plain) in CBT.V504.FILE172.PDS, moved to PDS/SMF234
2023-04-02 22:21:56.723834 - Found SMIXAPPE.txt (text/plain) in CBT.V504.FILE172.PDS, moved to PDS/SMIXAPPE
2023-04-02 22:21:56.724808 - Found SMIXRECE.txt (text/plain) in CBT.V504.FILE172.PDS, moved to PDS/SMIXRECE
2023-04-02 22:21:56.725748 - Found SMOPAPPE.txt (text/plain) in CBT.V504.FILE172.PDS, moved to PDS/SMOPAPPE
2023-04-02 22:21:56.726808 - Found SMOPRECE.txt (text/plain) in CBT.V504.FILE172.PDS, moved to PDS/SMOPRECE
2023-04-02 22:21:56.728148 - Found SM80.txt (text/plain) in CBT.V504.FILE172.PDS, moved to PDS/SM80
2023-04-02 22:21:56.729736 - Found SPMGCLD.txt (text/plain) in CBT.V504.FILE172.PDS, moved to PDS/SPMGCLD
2023-04-02 22:21:56.730940 - Found SSDCE15.txt (text/plain) in CBT.V504.FILE172.PDS, moved to PDS/SSDCE15
2023-04-02 22:21:56.731977 - Found SSDCJCL1.txt (text/plain) in CBT.V504.FILE172.PDS, moved to PDS/SSDCJCL1
2023-04-02 22:21:56.733133 - Found SSDCJCL2.txt (text/plain) in CBT.V504.FILE172.PDS, moved to PDS/SSDCJCL2
2023-04-02 22:21:56.734326 - Found SSDC02.txt (text/plain) in CBT.V504.FILE172.PDS, moved to PDS/SSDC02
2023-04-02 22:21:56.735501 - Found SSDC03.txt (text/plain) in CBT.V504.FILE172.PDS, moved to PDS/SSDC03
2023-04-02 22:21:56.736502 - Found SSWAIT.txt (text/plain) in CBT.V504.FILE172.PDS, moved to PDS/SSWAIT
2023-04-02 22:21:56.737653 - Found STATDS.jcl (text/plain) in CBT.V504.FILE172.PDS, moved to PDS/STATDS
2023-04-02 22:21:56.738584 - Found STDDAY01.txt (text/plain) in CBT.V504.FILE172.PDS, moved to PDS/STDDAY01
2023-04-02 22:21:56.739515 - Found STDDAY11.txt (text/plain) in CBT.V504.FILE172.PDS, moved to PDS/STDDAY11
2023-04-02 22:21:56.740460 - Found STRING.txt (text/plain) in CBT.V504.FILE172.PDS, moved to PDS/STRING
2023-04-02 22:21:56.741338 - Found STRNGEND.txt (text/plain) in CBT.V504.FILE172.PDS, moved to PDS/STRNGEND
2023-04-02 22:21:56.742337 - Found STROBE.txt (text/plain) in CBT.V504.FILE172.PDS, moved to PDS/STROBE
2023-04-02 22:21:56.743500 - Found SUBIN.txt (text/plain) in CBT.V504.FILE172.PDS, moved to PDS/SUBIN
2023-04-02 22:21:56.744430 - Found SUBLR.txt (text/plain) in CBT.V504.FILE172.PDS, moved to PDS/SUBLR
2023-04-02 22:21:56.745380 - Found SUBOUT.txt (text/plain) in CBT.V504.FILE172.PDS, moved to PDS/SUBOUT
2023-04-02 22:21:56.745392 - Found SYSEVENT.bin containing application/octet-stream, moved to PDS/SYSEVENT
2023-04-02 22:21:56.747710 - Found SYSIEH.txt (text/plain) in CBT.V504.FILE172.PDS, moved to PDS/SYSIEH
2023-04-02 22:21:56.748661 - Found SYSUT1RD.txt (text/plain) in CBT.V504.FILE172.PDS, moved to PDS/SYSUT1RD
2023-04-02 22:21:56.749530 - Found S26VOLA.txt (text/plain) in CBT.V504.FILE172.PDS, moved to PDS/S26VOLA
2023-04-02 22:21:56.750450 - Found S36PRTU4.txt (text/plain) in CBT.V504.FILE172.PDS, moved to PDS/S36PRTU4
2023-04-02 22:21:56.751786 - Found S9A1.txt (text/plain) in CBT.V504.FILE172.PDS, moved to PDS/S9A1
2023-04-02 22:21:56.752699 - Found TESTDD.txt (text/plain) in CBT.V504.FILE172.PDS, moved to PDS/TESTDD
2023-04-02 22:21:56.753834 - Found TESTIOT.txt (text/plain) in CBT.V504.FILE172.PDS, moved to PDS/TESTIOT
2023-04-02 22:21:56.754824 - Found TIMERTN.txt (text/plain) in CBT.V504.FILE172.PDS, moved to PDS/TIMERTN
2023-04-02 22:21:56.755796 - Found TODDATE.txt (text/plain) in CBT.V504.FILE172.PDS, moved to PDS/TODDATE
2023-04-02 22:21:56.756758 - Found TRIM.txt (text/plain) in CBT.V504.FILE172.PDS, moved to PDS/TRIM
2023-04-02 22:21:56.757685 - Found TRUISMS.txt (text/plain) in CBT.V504.FILE172.PDS, moved to PDS/TRUISMS
2023-04-02 22:21:56.758567 - Found TSGINNRA.txt (text/plain) in CBT.V504.FILE172.PDS, moved to PDS/TSGINNRA
2023-04-02 22:21:56.759615 - Found UNBLANK.txt (text/plain) in CBT.V504.FILE172.PDS, moved to PDS/UNBLANK
2023-04-02 22:21:56.760547 - Found UNPACK.txt (text/plain) in CBT.V504.FILE172.PDS, moved to PDS/UNPACK
2023-04-02 22:21:56.761466 - Found USERCVT.txt (text/plain) in CBT.V504.FILE172.PDS, moved to PDS/USERCVT
2023-04-02 22:21:56.762529 - Found VSAMANAL.txt (text/plain) in CBT.V504.FILE172.PDS, moved to PDS/VSAMANAL
2023-04-02 22:21:56.763418 - Found VSMERROR.txt (text/plain) in CBT.V504.FILE172.PDS, moved to PDS/VSMERROR
2023-04-02 22:21:56.764311 - Found VVRDSECT.txt (text/plain) in CBT.V504.FILE172.PDS, moved to PDS/VVRDSECT
2023-04-02 22:21:56.764322 - Found WCGMLST1.bin containing application/octet-stream, moved to PDS/WCGMLST1
2023-04-02 22:21:56.766111 - Found WCGMLST2.txt (text/plain) in CBT.V504.FILE172.PDS, moved to PDS/WCGMLST2
2023-04-02 22:21:56.767024 - Found WRITEV.txt (text/plain) in CBT.V504.FILE172.PDS, moved to PDS/WRITEV
2023-04-02 22:21:56.767951 - Found WRITING.txt (text/plain) in CBT.V504.FILE172.PDS, moved to PDS/WRITING
2023-04-02 22:21:56.768859 - Found XXSYS1SC.txt (text/plain) in CBT.V504.FILE172.PDS, moved to PDS/XXSYS1SC
2023-04-02 22:21:56.769802 - Found ZCSECT.txt (text/plain) in CBT.V504.FILE172.PDS, moved to PDS/ZCSECT
2023-04-02 22:21:56.770789 - Found ZRETURN.txt (text/plain) in CBT.V504.FILE172.PDS, moved to PDS/ZRETURN
